<?xml version="1.0" encoding="UTF-8"?>
<testng-results ignored="0" total="4" passed="4" failed="0" skipped="0">
  <reporter-output>
  </reporter-output>
  <suite started-at="2024-01-10T21:45:25 IST" name="SuauceDemo" finished-at="2024-01-10T21:45:39 IST" duration-ms="13987">
    <groups>
    </groups>
    <test started-at="2024-01-10T21:45:25 IST" name="Test" finished-at="2024-01-10T21:45:39 IST" duration-ms="13987">
      <class name="TestLayer.HomePageTest">
        <test-method signature="validatePageTitle()[pri:2, instance:TestLayer.HomePageTest@449a4f23]" started-at="2024-01-10T21:45:39 IST" name="validatePageTitle" finished-at="2024-01-10T21:45:39 IST" duration-ms="113" status="PASS">
          <reporter-output>
          </reporter-output>
        </test-method> <!-- validatePageTitle -->
        <test-method signature="validatePageURL()[pri:3, instance:TestLayer.HomePageTest@449a4f23]" started-at="2024-01-10T21:45:39 IST" name="validatePageURL" finished-at="2024-01-10T21:45:39 IST" duration-ms="29" status="PASS">
          <reporter-output>
          </reporter-output>
        </test-method> <!-- validatePageURL -->
        <test-method signature="validateAddToCart()[pri:4, instance:TestLayer.HomePageTest@449a4f23]" started-at="2024-01-10T21:45:39 IST" name="validateAddToCart" finished-at="2024-01-10T21:45:39 IST" duration-ms="396" status="PASS">
          <reporter-output>
          </reporter-output>
        </test-method> <!-- validateAddToCart -->
      </class> <!-- TestLayer.HomePageTest -->
      <class name="TestLayer.LoginTest">
        <test-method is-config="true" signature="setup()[pri:0, instance:TestLayer.LoginTest@54c5a2ff]" started-at="2024-01-10T21:45:25 IST" name="setup" finished-at="2024-01-10T21:45:35 IST" duration-ms="9850" status="PASS">
          <reporter-output>
          </reporter-output>
        </test-method> <!-- setup -->
        <test-method signature="validateLoginPage(java.lang.String,java.lang.String)[pri:1, instance:TestLayer.LoginTest@54c5a2ff]" started-at="2024-01-10T21:45:38 IST" name="validateLoginPage" data-provider="TestData" finished-at="2024-01-10T21:45:39 IST" duration-ms="1004" status="PASS">
          <params>
            <param index="0">
              <value>
                <![CDATA[standard_user]]>
              </value>
            </param>
            <param index="1">
              <value>
                <![CDATA[secret_sauce]]>
              </value>
            </param>
          </params>
          <reporter-output>
          </reporter-output>
        </test-method> <!-- validateLoginPage -->
      </class> <!-- TestLayer.LoginTest -->
    </test> <!-- Test -->
  </suite> <!-- SuauceDemo -->
</testng-results>
