<?xml version="1.0" encoding="UTF-8"?>
<!-- Generated by org.testng.reporters.JUnitXMLReporter -->
<testsuite ignored="0" hostname="DESKTOP-PUGVAA3" failures="0" tests="4" name="Test" time="13.987" errors="0" timestamp="2024-01-10T21:45:39 IST">
  <testcase classname="TestLayer.LoginTest" name="validateLoginPage" time="1.004"/>
  <testcase classname="TestLayer.HomePageTest" name="validatePageTitle" time="0.113"/>
  <testcase classname="TestLayer.HomePageTest" name="validatePageURL" time="0.029"/>
  <testcase classname="TestLayer.HomePageTest" name="validateAddToCart" time="0.396"/>
</testsuite> <!-- Test -->
